<?xml version="1.0" encoding="UTF-8"?>
<testng-results skipped="0" failed="0" ignored="0" total="1" passed="1">
  <reporter-output>
  </reporter-output>
  <suite name="Default suite" duration-ms="4862" started-at="2019-09-06T11:47:35 IST" finished-at="2019-09-06T11:47:40 IST">
    <groups>
    </groups>
    <test name="Default test" duration-ms="4862" started-at="2019-09-06T11:47:35 IST" finished-at="2019-09-06T11:47:40 IST">
      <class name="seleniumtest.TestingSeleniumJenkins">
        <test-method status="PASS" signature="test()[pri:0, instance:seleniumtest.TestingSeleniumJenkins@551aa95a]" name="test" duration-ms="4827" started-at="2019-09-06T11:47:35 IST" finished-at="2019-09-06T11:47:40 IST">
          <reporter-output>
          </reporter-output>
        </test-method> <!-- test -->
      </class> <!-- seleniumtest.TestingSeleniumJenkins -->
    </test> <!-- Default test -->
  </suite> <!-- Default suite -->
</testng-results>
