<?xml version="1.0" encoding="UTF-8"?>
<testng-results skipped="0" failed="0" ignored="0" total="1" passed="1">
  <reporter-output>
  </reporter-output>
  <suite name="TownscriptSuite" duration-ms="14285" started-at="2019-09-05T18:29:01 IST" finished-at="2019-09-05T18:29:15 IST">
    <groups>
    </groups>
    <test name="testngTest" duration-ms="14285" started-at="2019-09-05T18:29:01 IST" finished-at="2019-09-05T18:29:15 IST">
      <class name="seleniumtest.TestingSeleniumJenkins">
        <test-method status="PASS" signature="test()[pri:0, instance:seleniumtest.TestingSeleniumJenkins@578486a3]" name="test" duration-ms="14258" started-at="2019-09-05T18:29:01 IST" finished-at="2019-09-05T18:29:15 IST">
          <reporter-output>
          </reporter-output>
        </test-method> <!-- test -->
      </class> <!-- seleniumtest.TestingSeleniumJenkins -->
    </test> <!-- testngTest -->
  </suite> <!-- TownscriptSuite -->
</testng-results>
